Game : d97c7939-8451-4bd4-a33b-24f39d7743c9
Player 1 samuel
Player 1 BASIC
=========================================
||  |   |   |   |   |   |   |   |   |  ||
||  |   |   |   |   |   |   |   |   |  ||
||  |   |   |   |   |   |   |   |   |  ||
||  |   |   |   |   |   |   |   |   |  ||
||  |   |   |   |   |   |   |   |   |  ||
||  |   |   |   |   |   |   |   |   |  ||
||  |   |   |   |   |   |   |   |   |  ||
||  |   |   |   |   |   |   |   |   |  ||
||  |   |   |   |   |   |   |   |   |  ||
||  |   |   |   |   |   |   |   |   |  ||
=========================================

Game : d97c7939-8451-4bd4-a33b-24f39d7743c9
Player 1 samuel
Player 1 BASIC
=========================================
||  |   |   |   |   |   |   |   |   |  ||
||  |   |   |   |   |   |   |   |   |  ||
||  |   |   |   |   |   |   |   |   |  ||
||  |   |   |   |   |   |   |   |   |  ||
||  |   |   |   |   |   |   |   |   |  ||
||  |   |   |   |   |   |   |   |   |  ||
||  |   |   |   |   |   |   |   |   |  ||
||  |   |   |   |   |   |   |   |   |  ||
||  |   |   |   |   |   |   |   |   |  ||
||O |   | X |   |   |   |   |   |   |  ||
=========================================

Game : d97c7939-8451-4bd4-a33b-24f39d7743c9
Player 1 samuel
Player 1 BASIC
=========================================
||  |   |   |   |   |   |   |   |   |  ||
||  |   |   |   |   |   |   |   |   |  ||
||  |   |   |   |   |   |   |   |   |  ||
||  |   |   |   |   |   |   |   |   |  ||
||  |   |   |   |   |   |   |   |   |  ||
||  |   |   |   |   |   |   |   |   |  ||
||  |   |   |   |   |   |   |   |   |  ||
||  |   |   |   |   |   |   |   |   |  ||
||O |   | X |   |   |   |   |   |   |  ||
||O |   | X |   |   |   |   |   |   |  ||
=========================================

Game : d97c7939-8451-4bd4-a33b-24f39d7743c9
Player 1 samuel
Player 1 BASIC
=========================================
||  |   |   |   |   |   |   |   |   |  ||
||  |   |   |   |   |   |   |   |   |  ||
||  |   |   |   |   |   |   |   |   |  ||
||  |   |   |   |   |   |   |   |   |  ||
||  |   |   |   |   |   |   |   |   |  ||
||  |   |   |   |   |   |   |   |   |  ||
||  |   |   |   |   |   |   |   |   |  ||
||O |   | X |   |   |   |   |   |   |  ||
||O |   | X |   |   |   |   |   |   |  ||
||O |   | X |   |   |   |   |   |   |  ||
=========================================

Game : d97c7939-8451-4bd4-a33b-24f39d7743c9
Player 1 samuel
Player 1 BASIC
=========================================
||  |   |   |   |   |   |   |   |   |  ||
||  |   |   |   |   |   |   |   |   |  ||
||  |   |   |   |   |   |   |   |   |  ||
||  |   |   |   |   |   |   |   |   |  ||
||  |   |   |   |   |   |   |   |   |  ||
||  |   |   |   |   |   |   |   |   |  ||
||  |   | X |   |   |   |   |   |   |  ||
||O |   | X |   |   |   |   |   |   |  ||
||O |   | X |   |   |   |   |   |   |  ||
||O |   | X |   |   |   |   |   |   |  ||
=========================================

