Game : d97c7939-8451-4bd4-a33b-24f39d7743c9
Time erased : 0,001
Have played : samuel
To play : BASIC
=========================================
||  |   |   |   |   |   |   |   |   |  ||
||  |   |   |   |   |   |   |   |   |  ||
||  |   |   |   |   |   |   |   |   |  ||
||  |   |   |   |   |   |   |   |   |  ||
||  |   |   |   |   |   |   |   |   |  ||
||  |   |   |   |   |   |   |   |   |  ||
||  |   |   |   |   |   |   |   |   |  ||
||  |   |   |   |   |   |   |   |   |  ||
||  |   |   |   |   |   |   |   |   |  ||
||  |   | X |   |   |   |   |   |   |  ||
=========================================

Game : d97c7939-8451-4bd4-a33b-24f39d7743c9
Time erased : 0,018
Have played : BASIC
To play : samuel
=========================================
||  |   |   |   |   |   |   |   |   |  ||
||  |   |   |   |   |   |   |   |   |  ||
||  |   |   |   |   |   |   |   |   |  ||
||  |   |   |   |   |   |   |   |   |  ||
||  |   |   |   |   |   |   |   |   |  ||
||  |   |   |   |   |   |   |   |   |  ||
||  |   |   |   |   |   |   |   |   |  ||
||  |   |   |   |   |   |   |   |   |  ||
||  |   |   |   |   |   |   |   |   |  ||
||O |   | X |   |   |   |   |   |   |  ||
=========================================

Game : d97c7939-8451-4bd4-a33b-24f39d7743c9
Time erased : 1,259
Have played : samuel
To play : BASIC
=========================================
||  |   |   |   |   |   |   |   |   |  ||
||  |   |   |   |   |   |   |   |   |  ||
||  |   |   |   |   |   |   |   |   |  ||
||  |   |   |   |   |   |   |   |   |  ||
||  |   |   |   |   |   |   |   |   |  ||
||  |   |   |   |   |   |   |   |   |  ||
||  |   |   |   |   |   |   |   |   |  ||
||  |   |   |   |   |   |   |   |   |  ||
||  |   | X |   |   |   |   |   |   |  ||
||O |   | X |   |   |   |   |   |   |  ||
=========================================

Game : d97c7939-8451-4bd4-a33b-24f39d7743c9
Time erased : 1,266
Have played : BASIC
To play : samuel
=========================================
||  |   |   |   |   |   |   |   |   |  ||
||  |   |   |   |   |   |   |   |   |  ||
||  |   |   |   |   |   |   |   |   |  ||
||  |   |   |   |   |   |   |   |   |  ||
||  |   |   |   |   |   |   |   |   |  ||
||  |   |   |   |   |   |   |   |   |  ||
||  |   |   |   |   |   |   |   |   |  ||
||  |   |   |   |   |   |   |   |   |  ||
||O |   | X |   |   |   |   |   |   |  ||
||O |   | X |   |   |   |   |   |   |  ||
=========================================

Game : d97c7939-8451-4bd4-a33b-24f39d7743c9
Time erased : 2,095
Have played : samuel
To play : BASIC
=========================================
||  |   |   |   |   |   |   |   |   |  ||
||  |   |   |   |   |   |   |   |   |  ||
||  |   |   |   |   |   |   |   |   |  ||
||  |   |   |   |   |   |   |   |   |  ||
||  |   |   |   |   |   |   |   |   |  ||
||  |   |   |   |   |   |   |   |   |  ||
||  |   |   |   |   |   |   |   |   |  ||
||  |   | X |   |   |   |   |   |   |  ||
||O |   | X |   |   |   |   |   |   |  ||
||O |   | X |   |   |   |   |   |   |  ||
=========================================

Game : d97c7939-8451-4bd4-a33b-24f39d7743c9
Time erased : 2,099
Have played : BASIC
To play : samuel
=========================================
||  |   |   |   |   |   |   |   |   |  ||
||  |   |   |   |   |   |   |   |   |  ||
||  |   |   |   |   |   |   |   |   |  ||
||  |   |   |   |   |   |   |   |   |  ||
||  |   |   |   |   |   |   |   |   |  ||
||  |   |   |   |   |   |   |   |   |  ||
||  |   |   |   |   |   |   |   |   |  ||
||O |   | X |   |   |   |   |   |   |  ||
||O |   | X |   |   |   |   |   |   |  ||
||O |   | X |   |   |   |   |   |   |  ||
=========================================

Game : d97c7939-8451-4bd4-a33b-24f39d7743c9
Time erased : 3,061
Have played : samuel
To play : BASIC
=========================================
||  |   |   |   |   |   |   |   |   |  ||
||  |   |   |   |   |   |   |   |   |  ||
||  |   |   |   |   |   |   |   |   |  ||
||  |   |   |   |   |   |   |   |   |  ||
||  |   |   |   |   |   |   |   |   |  ||
||  |   |   |   |   |   |   |   |   |  ||
||  |   | X |   |   |   |   |   |   |  ||
||O |   | X |   |   |   |   |   |   |  ||
||O |   | X |   |   |   |   |   |   |  ||
||O |   | X |   |   |   |   |   |   |  ||
=========================================

